<?xml version="1.0" encoding="UTF-8"?>
<!-- Generated by org.testng.reporters.JUnitReportReporter -->
<testsuite hostname="DESKTOP-D3NJUQ1" failures="0" tests="1" name="TestRunner.Run" time="59.320" errors="0" timestamp="2025-01-23T17:52:14 IST" skipped="0">
  <testcase classname="TestRunner.Run" name="runScenario" time="59.320"/>
</testsuite> <!-- TestRunner.Run -->
